0 info it worked if it ends with ok
1 verbose cli [ '/Users/sumamanjunath/.nvm/versions/node/v0.12.9/bin/node',
1 verbose cli   '/Users/sumamanjunath/.nvm/versions/node/v0.12.9/bin/npm',
1 verbose cli   'run',
1 verbose cli   'ci:all' ]
2 info using npm@2.14.9
3 info using node@v0.12.9
4 verbose run-script [ 'preci:all', 'ci:all', 'postci:all' ]
5 info preci:all buildtales-automation@1.0.0
6 info ci:all buildtales-automation@1.0.0
7 verbose unsafe-perm in lifecycle true
8 info buildtales-automation@1.0.0 Failed to exec ci:all script
9 verbose stack Error: buildtales-automation@1.0.0 ci:all: `npm run ci:render && npm run ci:github-urls && npm run ci:build && npm run ci:snippets`
9 verbose stack Exit status 1
9 verbose stack     at EventEmitter.<anonymous> (/Users/sumamanjunath/.nvm/versions/node/v0.12.9/lib/node_modules/npm/lib/utils/lifecycle.js:214:16)
9 verbose stack     at EventEmitter.emit (events.js:110:17)
9 verbose stack     at ChildProcess.<anonymous> (/Users/sumamanjunath/.nvm/versions/node/v0.12.9/lib/node_modules/npm/lib/utils/spawn.js:24:14)
9 verbose stack     at ChildProcess.emit (events.js:110:17)
9 verbose stack     at maybeClose (child_process.js:1016:16)
9 verbose stack     at Process.ChildProcess._handle.onexit (child_process.js:1088:5)
10 verbose pkgid buildtales-automation@1.0.0
11 verbose cwd /Users/sumamanjunath/projects/buildtales
12 error Darwin 24.6.0
13 error argv "/Users/sumamanjunath/.nvm/versions/node/v0.12.9/bin/node" "/Users/sumamanjunath/.nvm/versions/node/v0.12.9/bin/npm" "run" "ci:all"
14 error node v0.12.9
15 error npm  v2.14.9
16 error code ELIFECYCLE
17 error buildtales-automation@1.0.0 ci:all: `npm run ci:render && npm run ci:github-urls && npm run ci:build && npm run ci:snippets`
17 error Exit status 1
18 error Failed at the buildtales-automation@1.0.0 ci:all script 'npm run ci:render && npm run ci:github-urls && npm run ci:build && npm run ci:snippets'.
18 error This is most likely a problem with the buildtales-automation package,
18 error not with npm itself.
18 error Tell the author that this fails on your system:
18 error     npm run ci:render && npm run ci:github-urls && npm run ci:build && npm run ci:snippets
18 error You can get their info via:
18 error     npm owner ls buildtales-automation
18 error There is likely additional logging output above.
19 verbose exit [ 1, true ]
